Using pre-set license
Built from '2020.3/staging' branch; Version is '2020.3.16f1 (049d6eca3c44) revision 302446'; Using compiler version '192528614'; Build Type 'Release'
OS: 'Windows 10 Home; OS build 19044.1766; Version 2009; 64bit' Language: 'en' Physical Memory: 8012 MB
BatchMode: 1, IsHumanControllingUs: 0, StartBugReporterOnCrash: 0, Is64bit: 1, IsPro: 0

 COMMAND LINE ARGUMENTS:
C:\Users\detec\OneDrive\Desktop\unity\2020.3.16f1\Editor\Unity.exe
-adb2
-batchMode
-noUpm
-name
AssetImportWorker0
-projectPath
C:/Users/detec/Technomancy
-logFile
Logs/AssetImportWorker0.log
-srvPort
62752
Successfully changed project path to: C:/Users/detec/Technomancy
C:/Users/detec/Technomancy
Using Asset Import Pipeline V2.
Refreshing native plugins compatible for Editor in 28.09 ms, found 2 plugins.
Preloading 0 native plugins for Editor in 0.00 ms.
Initialize engine version: 2020.3.16f1 (049d6eca3c44)
[Subsystems] Discovering subsystems at path C:/Users/detec/OneDrive/Desktop/unity/2020.3.16f1/Editor/Data/Resources/UnitySubsystems
[Subsystems] Discovering subsystems at path C:/Users/detec/Technomancy/Assets
GfxDevice: creating device client; threaded=0
Direct3D:
    Version:  Direct3D 11.0 [level 11.1]
    Renderer: Intel(R) UHD Graphics (ID=0x9bc4)
    Vendor:   
    VRAM:     4006 MB
    Driver:   27.20.100.8190
Initialize mono
Mono path[0] = 'C:/Users/detec/OneDrive/Desktop/unity/2020.3.16f1/Editor/Data/Managed'
Mono path[1] = 'C:/Users/detec/OneDrive/Desktop/unity/2020.3.16f1/Editor/Data/MonoBleedingEdge/lib/mono/unityjit'
Mono config path = 'C:/Users/detec/OneDrive/Desktop/unity/2020.3.16f1/Editor/Data/MonoBleedingEdge/etc'
Using monoOptions --debugger-agent=transport=dt_socket,embedding=1,server=y,suspend=n,address=127.0.0.1:56400
Begin MonoManager ReloadAssembly
Registering precompiled unity dll's ...
Register platform support module: C:/Users/detec/OneDrive/Desktop/unity/2020.3.16f1/Editor/Data/PlaybackEngines/WindowsStandaloneSupport/UnityEditor.WindowsStandalone.Extensions.dll
Registered in 0.001924 seconds.
Native extension for WindowsStandalone target not found
Refreshing native plugins compatible for Editor in 27.04 ms, found 2 plugins.
Preloading 0 native plugins for Editor in 0.00 ms.
Mono: successfully reloaded assembly
- Completed reload, in  1.153 seconds
Domain Reload Profiling:
	ReloadAssembly (1153ms)
		BeginReloadAssembly (55ms)
			ExecutionOrderSort (0ms)
			DisableScriptedObjects (0ms)
			BackupInstance (0ms)
			ReleaseScriptingObjects (0ms)
			CreateAndSetChildDomain (1ms)
		EndReloadAssembly (431ms)
			LoadAssemblies (52ms)
			RebuildTransferFunctionScriptingTraits (0ms)
			SetupTypeCache (166ms)
			ReleaseScriptCaches (0ms)
			RebuildScriptCaches (28ms)
			SetupLoadedEditorAssemblies (166ms)
				LogAssemblyErrors (0ms)
				InitializePlatformSupportModulesInManaged (4ms)
				SetLoadedEditorAssemblies (0ms)
				RefreshPlugins (27ms)
				BeforeProcessingInitializeOnLoad (7ms)
				ProcessInitializeOnLoadAttributes (82ms)
				ProcessInitializeOnLoadMethodAttributes (45ms)
				AfterProcessingInitializeOnLoad (0ms)
				EditorAssembliesLoaded (0ms)
			ExecutionOrderSort2 (0ms)
			AwakeInstancesAfterBackupRestoration (0ms)
Platform modules already initialized, skipping
Registering precompiled user dll's ...
Registered in 0.003668 seconds.
Begin MonoManager ReloadAssembly
Native extension for WindowsStandalone target not found
Refreshing native plugins compatible for Editor in 0.51 ms, found 2 plugins.
Preloading 0 native plugins for Editor in 0.00 ms.
Mono: successfully reloaded assembly
- Completed reload, in  1.216 seconds
Domain Reload Profiling:
	ReloadAssembly (1217ms)
		BeginReloadAssembly (162ms)
			ExecutionOrderSort (0ms)
			DisableScriptedObjects (5ms)
			BackupInstance (0ms)
			ReleaseScriptingObjects (0ms)
			CreateAndSetChildDomain (21ms)
		EndReloadAssembly (984ms)
			LoadAssemblies (85ms)
			RebuildTransferFunctionScriptingTraits (0ms)
			SetupTypeCache (271ms)
			ReleaseScriptCaches (0ms)
			RebuildScriptCaches (42ms)
			SetupLoadedEditorAssemblies (492ms)
				LogAssemblyErrors (0ms)
				InitializePlatformSupportModulesInManaged (5ms)
				SetLoadedEditorAssemblies (1ms)
				RefreshPlugins (1ms)
				BeforeProcessingInitializeOnLoad (75ms)
				ProcessInitializeOnLoadAttributes (397ms)
				ProcessInitializeOnLoadMethodAttributes (5ms)
				AfterProcessingInitializeOnLoad (9ms)
				EditorAssembliesLoaded (0ms)
			ExecutionOrderSort2 (0ms)
			AwakeInstancesAfterBackupRestoration (10ms)
Platform modules already initialized, skipping
========================================================================
Worker process is ready to serve import requests
Launched and connected shader compiler UnityShaderCompiler.exe after 0.11 seconds
Refreshing native plugins compatible for Editor in 0.57 ms, found 2 plugins.
Preloading 0 native plugins for Editor in 0.00 ms.
Unloading 1478 Unused Serialized files (Serialized files now loaded: 0)
System memory in use before: 67.1 MB.
System memory in use after: 67.2 MB.

Unloading 18 unused Assets to reduce memory usage. Loaded Objects now: 1912.
Total: 3.357300 ms (FindLiveObjects: 0.198700 ms CreateObjectMapping: 0.058500 ms MarkObjects: 3.031900 ms  DeleteObjects: 0.066900 ms)

AssetImportParameters requested are different than current active one (requested -> active):
  custom:framework-win-MediaFoundation: 216162199b28c13a410421893ffa2e32 -> 
  custom:video-decoder-ogg-theora: a1e56fd34408186e4bbccfd4996cb3dc -> 
  custom:container-muxer-webm: aa71ff27fc2769a1b78a27578f13a17b -> 
  custom:container-demuxer-webm: 4f35f7cbe854078d1ac9338744f61a02 -> 
  custom:container-demuxer-ogg: 62fdf1f143b41e24485cea50d1cbac27 -> 
  custom:video-encoder-webm-vp8: eb34c28f22e8b96e1ab97ce403110664 -> 
  custom:video-decoder-webm-vp8: 9c59270c3fd7afecdb556c50c9e8de78 -> 
  custom:audio-decoder-ogg-vorbis: bf7c407c2cedff20999df2af8eb42d56 -> 
  custom:audio-encoder-webm-vorbis: bf7c407c2cedff20999df2af8eb42d56 -> 
========================================================================
Received Import Request.
  path: Assets/Scripts/View Model Component/AbilityMenuEntry.cs
  artifactKey: Guid(593907a6e6df9684ba44c38104b1d129) Importer(815301076,1909f56bfc062723c751e8b465ee728b)
Start importing Assets/Scripts/View Model Component/AbilityMenuEntry.cs using Guid(593907a6e6df9684ba44c38104b1d129) Importer(815301076,1909f56bfc062723c751e8b465ee728b)  -> (artifact id: '1bcf02e20ae9686a14048f22100e6a87') in 0.035012 seconds 
  Import took 0.038211 seconds .

========================================================================
Received Prepare
Registering precompiled user dll's ...
Registered in 0.005403 seconds.
Begin MonoManager ReloadAssembly
Native extension for WindowsStandalone target not found
Refreshing native plugins compatible for Editor in 0.39 ms, found 2 plugins.
Preloading 0 native plugins for Editor in 0.00 ms.
Mono: successfully reloaded assembly
- Completed reload, in  1.248 seconds
Domain Reload Profiling:
	ReloadAssembly (1249ms)
		BeginReloadAssembly (172ms)
			ExecutionOrderSort (0ms)
			DisableScriptedObjects (5ms)
			BackupInstance (0ms)
			ReleaseScriptingObjects (0ms)
			CreateAndSetChildDomain (54ms)
		EndReloadAssembly (979ms)
			LoadAssemblies (135ms)
			RebuildTransferFunctionScriptingTraits (0ms)
			SetupTypeCache (329ms)
			ReleaseScriptCaches (1ms)
			RebuildScriptCaches (37ms)
			SetupLoadedEditorAssemblies (414ms)
				LogAssemblyErrors (0ms)
				InitializePlatformSupportModulesInManaged (5ms)
				SetLoadedEditorAssemblies (0ms)
				RefreshPlugins (0ms)
				BeforeProcessingInitializeOnLoad (55ms)
				ProcessInitializeOnLoadAttributes (337ms)
				ProcessInitializeOnLoadMethodAttributes (5ms)
				AfterProcessingInitializeOnLoad (11ms)
				EditorAssembliesLoaded (0ms)
			ExecutionOrderSort2 (0ms)
			AwakeInstancesAfterBackupRestoration (8ms)
Platform modules already initialized, skipping
Refreshing native plugins compatible for Editor in 0.33 ms, found 2 plugins.
Preloading 0 native plugins for Editor in 0.00 ms.
Unloading 1472 Unused Serialized files (Serialized files now loaded: 0)
System memory in use before: 66.9 MB.
System memory in use after: 67.0 MB.

Unloading 13 unused Assets to reduce memory usage. Loaded Objects now: 1914.
Total: 3.270100 ms (FindLiveObjects: 0.177700 ms CreateObjectMapping: 0.059300 ms MarkObjects: 3.012500 ms  DeleteObjects: 0.019400 ms)

AssetImportParameters requested are different than current active one (requested -> active):
  custom:framework-win-MediaFoundation: 216162199b28c13a410421893ffa2e32 -> 
  custom:video-decoder-ogg-theora: a1e56fd34408186e4bbccfd4996cb3dc -> 
  custom:container-muxer-webm: aa71ff27fc2769a1b78a27578f13a17b -> 
  custom:container-demuxer-webm: 4f35f7cbe854078d1ac9338744f61a02 -> 
  custom:container-demuxer-ogg: 62fdf1f143b41e24485cea50d1cbac27 -> 
  custom:video-encoder-webm-vp8: eb34c28f22e8b96e1ab97ce403110664 -> 
  custom:video-decoder-webm-vp8: 9c59270c3fd7afecdb556c50c9e8de78 -> 
  custom:audio-decoder-ogg-vorbis: bf7c407c2cedff20999df2af8eb42d56 -> 
  custom:audio-encoder-webm-vorbis: bf7c407c2cedff20999df2af8eb42d56 -> 
========================================================================
Received Import Request.
  Time since last request: 571.293047 seconds.
  path: Assets/Scripts/View Model Component/AbilityMenuEntry.cs
  artifactKey: Guid(593907a6e6df9684ba44c38104b1d129) Importer(815301076,1909f56bfc062723c751e8b465ee728b)
Start importing Assets/Scripts/View Model Component/AbilityMenuEntry.cs using Guid(593907a6e6df9684ba44c38104b1d129) Importer(815301076,1909f56bfc062723c751e8b465ee728b)  -> (artifact id: '21ab389641af6693d3fc9f71ef93f65a') in 0.014969 seconds 
  Import took 0.022810 seconds .

========================================================================
Received Import Request.
  Time since last request: 0.041687 seconds.
  path: Assets/Scripts/View Model Component/AbilityMenuEntry.cs
  artifactKey: Guid(593907a6e6df9684ba44c38104b1d129) Importer(815301076,1909f56bfc062723c751e8b465ee728b)
Start importing Assets/Scripts/View Model Component/AbilityMenuEntry.cs using Guid(593907a6e6df9684ba44c38104b1d129) Importer(815301076,1909f56bfc062723c751e8b465ee728b)  -> (artifact id: '21ab389641af6693d3fc9f71ef93f65a') in 0.005818 seconds 
  Import took 0.016104 seconds .

========================================================================
Received Prepare
Registering precompiled user dll's ...
Registered in 0.011239 seconds.
Begin MonoManager ReloadAssembly
Native extension for WindowsStandalone target not found
Refreshing native plugins compatible for Editor in 0.77 ms, found 2 plugins.
Preloading 0 native plugins for Editor in 0.00 ms.
Mono: successfully reloaded assembly
- Completed reload, in  0.932 seconds
Domain Reload Profiling:
	ReloadAssembly (932ms)
		BeginReloadAssembly (120ms)
			ExecutionOrderSort (0ms)
			DisableScriptedObjects (4ms)
			BackupInstance (0ms)
			ReleaseScriptingObjects (0ms)
			CreateAndSetChildDomain (39ms)
		EndReloadAssembly (756ms)
			LoadAssemblies (96ms)
			RebuildTransferFunctionScriptingTraits (0ms)
			SetupTypeCache (221ms)
			ReleaseScriptCaches (1ms)
			RebuildScriptCaches (31ms)
			SetupLoadedEditorAssemblies (341ms)
				LogAssemblyErrors (0ms)
				InitializePlatformSupportModulesInManaged (6ms)
				SetLoadedEditorAssemblies (1ms)
				RefreshPlugins (1ms)
				BeforeProcessingInitializeOnLoad (45ms)
				ProcessInitializeOnLoadAttributes (277ms)
				ProcessInitializeOnLoadMethodAttributes (3ms)
				AfterProcessingInitializeOnLoad (7ms)
				EditorAssembliesLoaded (0ms)
			ExecutionOrderSort2 (0ms)
			AwakeInstancesAfterBackupRestoration (6ms)
Platform modules already initialized, skipping
Refreshing native plugins compatible for Editor in 0.60 ms, found 2 plugins.
Preloading 0 native plugins for Editor in 0.00 ms.
Unloading 1472 Unused Serialized files (Serialized files now loaded: 0)
System memory in use before: 67.0 MB.
System memory in use after: 67.1 MB.

Unloading 13 unused Assets to reduce memory usage. Loaded Objects now: 1916.
Total: 4.512000 ms (FindLiveObjects: 0.429800 ms CreateObjectMapping: 0.060200 ms MarkObjects: 3.985900 ms  DeleteObjects: 0.032400 ms)

AssetImportParameters requested are different than current active one (requested -> active):
  custom:framework-win-MediaFoundation: 216162199b28c13a410421893ffa2e32 -> 
  custom:video-decoder-ogg-theora: a1e56fd34408186e4bbccfd4996cb3dc -> 
  custom:container-muxer-webm: aa71ff27fc2769a1b78a27578f13a17b -> 
  custom:container-demuxer-webm: 4f35f7cbe854078d1ac9338744f61a02 -> 
  custom:container-demuxer-ogg: 62fdf1f143b41e24485cea50d1cbac27 -> 
  custom:video-encoder-webm-vp8: eb34c28f22e8b96e1ab97ce403110664 -> 
  custom:video-decoder-webm-vp8: 9c59270c3fd7afecdb556c50c9e8de78 -> 
  custom:audio-decoder-ogg-vorbis: bf7c407c2cedff20999df2af8eb42d56 -> 
  custom:audio-encoder-webm-vorbis: bf7c407c2cedff20999df2af8eb42d56 -> 
========================================================================
Received Import Request.
  Time since last request: 279.702214 seconds.
  path: Assets/Scripts/Controller/AbilityMenuPanelController.cs
  artifactKey: Guid(a2a52b461aab46b4392d54c3827bc224) Importer(815301076,1909f56bfc062723c751e8b465ee728b)
Start importing Assets/Scripts/Controller/AbilityMenuPanelController.cs using Guid(a2a52b461aab46b4392d54c3827bc224) Importer(815301076,1909f56bfc062723c751e8b465ee728b)  -> (artifact id: 'b0f1edb9fdcd697b058685dbca1858d0') in 0.013611 seconds 
  Import took 0.017403 seconds .

========================================================================
Received Prepare
Registering precompiled user dll's ...
Registered in 0.003410 seconds.
Begin MonoManager ReloadAssembly
Native extension for WindowsStandalone target not found
Refreshing native plugins compatible for Editor in 0.30 ms, found 2 plugins.
Preloading 0 native plugins for Editor in 0.00 ms.
Mono: successfully reloaded assembly
- Completed reload, in  1.019 seconds
Domain Reload Profiling:
	ReloadAssembly (1019ms)
		BeginReloadAssembly (105ms)
			ExecutionOrderSort (0ms)
			DisableScriptedObjects (5ms)
			BackupInstance (0ms)
			ReleaseScriptingObjects (0ms)
			CreateAndSetChildDomain (37ms)
		EndReloadAssembly (847ms)
			LoadAssemblies (86ms)
			RebuildTransferFunctionScriptingTraits (0ms)
			SetupTypeCache (338ms)
			ReleaseScriptCaches (1ms)
			RebuildScriptCaches (33ms)
			SetupLoadedEditorAssemblies (307ms)
				LogAssemblyErrors (0ms)
				InitializePlatformSupportModulesInManaged (5ms)
				SetLoadedEditorAssemblies (0ms)
				RefreshPlugins (0ms)
				BeforeProcessingInitializeOnLoad (43ms)
				ProcessInitializeOnLoadAttributes (249ms)
				ProcessInitializeOnLoadMethodAttributes (3ms)
				AfterProcessingInitializeOnLoad (7ms)
				EditorAssembliesLoaded (0ms)
			ExecutionOrderSort2 (0ms)
			AwakeInstancesAfterBackupRestoration (5ms)
Platform modules already initialized, skipping
Refreshing native plugins compatible for Editor in 0.31 ms, found 2 plugins.
Preloading 0 native plugins for Editor in 0.00 ms.
Unloading 1473 Unused Serialized files (Serialized files now loaded: 0)
System memory in use before: 67.0 MB.
System memory in use after: 67.1 MB.

Unloading 13 unused Assets to reduce memory usage. Loaded Objects now: 1919.
Total: 2.559400 ms (FindLiveObjects: 0.171700 ms CreateObjectMapping: 0.058800 ms MarkObjects: 2.314800 ms  DeleteObjects: 0.013400 ms)

AssetImportParameters requested are different than current active one (requested -> active):
  custom:framework-win-MediaFoundation: 216162199b28c13a410421893ffa2e32 -> 
  custom:video-decoder-ogg-theora: a1e56fd34408186e4bbccfd4996cb3dc -> 
  custom:container-muxer-webm: aa71ff27fc2769a1b78a27578f13a17b -> 
  custom:container-demuxer-webm: 4f35f7cbe854078d1ac9338744f61a02 -> 
  custom:container-demuxer-ogg: 62fdf1f143b41e24485cea50d1cbac27 -> 
  custom:video-encoder-webm-vp8: eb34c28f22e8b96e1ab97ce403110664 -> 
  custom:video-decoder-webm-vp8: 9c59270c3fd7afecdb556c50c9e8de78 -> 
  custom:audio-decoder-ogg-vorbis: bf7c407c2cedff20999df2af8eb42d56 -> 
  custom:audio-encoder-webm-vorbis: bf7c407c2cedff20999df2af8eb42d56 -> 
========================================================================
Received Import Request.
  Time since last request: 1215.113179 seconds.
  path: Assets/Scripts/Controller/AbilityMenuPanelController.cs
  artifactKey: Guid(a2a52b461aab46b4392d54c3827bc224) Importer(815301076,1909f56bfc062723c751e8b465ee728b)
Start importing Assets/Scripts/Controller/AbilityMenuPanelController.cs using Guid(a2a52b461aab46b4392d54c3827bc224) Importer(815301076,1909f56bfc062723c751e8b465ee728b)  -> (artifact id: '8cfb7f8a0f111d4447afcf9a33888216') in 0.015238 seconds 
  Import took 0.019658 seconds .

========================================================================
Received Import Request.
  Time since last request: 0.027270 seconds.
  path: Assets/Scripts/Controller/AbilityMenuPanelController.cs
  artifactKey: Guid(a2a52b461aab46b4392d54c3827bc224) Importer(815301076,1909f56bfc062723c751e8b465ee728b)
Start importing Assets/Scripts/Controller/AbilityMenuPanelController.cs using Guid(a2a52b461aab46b4392d54c3827bc224) Importer(815301076,1909f56bfc062723c751e8b465ee728b)  -> (artifact id: '8cfb7f8a0f111d4447afcf9a33888216') in 0.006781 seconds 
  Import took 0.014442 seconds .

========================================================================
Received Import Request.
  Time since last request: 128.477798 seconds.
  path: Assets/Scripts/Controller/AbilityMenuPanelController.cs
  artifactKey: Guid(a2a52b461aab46b4392d54c3827bc224) Importer(815301076,1909f56bfc062723c751e8b465ee728b)
Start importing Assets/Scripts/Controller/AbilityMenuPanelController.cs using Guid(a2a52b461aab46b4392d54c3827bc224) Importer(815301076,1909f56bfc062723c751e8b465ee728b)  -> (artifact id: '1389f383c225db3e13e553812d1910a1') in 0.016704 seconds 
  Import took 0.022317 seconds .

========================================================================
Received Import Request.
  Time since last request: 0.000986 seconds.
  path: Assets/Scripts/Controller/AbilityMenuPanelController.cs
  artifactKey: Guid(a2a52b461aab46b4392d54c3827bc224) Importer(815301076,1909f56bfc062723c751e8b465ee728b)
Start importing Assets/Scripts/Controller/AbilityMenuPanelController.cs using Guid(a2a52b461aab46b4392d54c3827bc224) Importer(815301076,1909f56bfc062723c751e8b465ee728b)  -> (artifact id: '1389f383c225db3e13e553812d1910a1') in 0.008098 seconds 
  Import took 0.013324 seconds .

========================================================================
Received Import Request.
  Time since last request: 395.972915 seconds.
  path: Assets/Scripts/Common/New Folder
  artifactKey: Guid(7bb4d611881c4dc449dbdfa9d9dd088a) Importer(815301076,1909f56bfc062723c751e8b465ee728b)
Start importing Assets/Scripts/Common/New Folder using Guid(7bb4d611881c4dc449dbdfa9d9dd088a) Importer(815301076,1909f56bfc062723c751e8b465ee728b)  -> (artifact id: 'c7375e28f571503c120d9659c531ddaf') in 0.014918 seconds 
  Import took 0.019216 seconds .

========================================================================
Received Import Request.
  Time since last request: 18.450304 seconds.
  path: Assets/Scripts/Controller/GameObjectPoolController.cs
  artifactKey: Guid(3ce57981d8534df43898c1c90d9d1038) Importer(815301076,1909f56bfc062723c751e8b465ee728b)
Start importing Assets/Scripts/Controller/GameObjectPoolController.cs using Guid(3ce57981d8534df43898c1c90d9d1038) Importer(815301076,1909f56bfc062723c751e8b465ee728b)  -> (artifact id: 'df241fb5c1d6b2c786612da41b4997e5') in 0.012460 seconds 
  Import took 0.017011 seconds .

========================================================================
Received Import Request.
  Time since last request: 0.034521 seconds.
  path: Assets/Scripts/Controller/GameObjectPoolController.cs
  artifactKey: Guid(3ce57981d8534df43898c1c90d9d1038) Importer(815301076,1909f56bfc062723c751e8b465ee728b)
Start importing Assets/Scripts/Controller/GameObjectPoolController.cs using Guid(3ce57981d8534df43898c1c90d9d1038) Importer(815301076,1909f56bfc062723c751e8b465ee728b)  -> (artifact id: 'df241fb5c1d6b2c786612da41b4997e5') in 0.005705 seconds 
  Import took 0.009098 seconds .

========================================================================
Received Import Request.
  Time since last request: 376.887070 seconds.
  path: Assets/Scripts/Controller/GameObjectPoolController.cs
  artifactKey: Guid(3ce57981d8534df43898c1c90d9d1038) Importer(815301076,1909f56bfc062723c751e8b465ee728b)
Start importing Assets/Scripts/Controller/GameObjectPoolController.cs using Guid(3ce57981d8534df43898c1c90d9d1038) Importer(815301076,1909f56bfc062723c751e8b465ee728b)  -> (artifact id: '95197a227fcdca9961bb8ff2749eeacf') in 0.016690 seconds 
  Import took 0.026379 seconds .

AssetImportWorkerClient::OnTransportError - code=2 error=End of file
